<?xml version="1.0" encoding="UTF-8"?>
<testsuite name="edu.utdallas.cs4348.TestTLB" tests="2" skipped="0" failures="0" errors="0" timestamp="2025-04-03T19:24:48" hostname="Jaynes-MBP.attlocal.net" time="0.009">
  <properties/>
  <testcase name="simpleTLBTest()" classname="edu.utdallas.cs4348.TestTLB" time="0.008"/>
  <testcase name="complexTLBTest()" classname="edu.utdallas.cs4348.TestTLB" time="0.0"/>
  <system-out><![CDATA[]]></system-out>
  <system-err><![CDATA[]]></system-err>
</testsuite>
